[debug] [2019-11-04T10:34:44.933Z] ----------------------------------------------------------------------
[debug] [2019-11-04T10:34:44.936Z] Command:       C:\Program Files\nodejs\node.exe C:\Users\GWL\AppData\Roaming\npm\node_modules\firebase-tools\lib\bin\firebase.js deploy
[debug] [2019-11-04T10:34:44.936Z] CLI Version:   7.6.2
[debug] [2019-11-04T10:34:44.937Z] Platform:      win32
[debug] [2019-11-04T10:34:44.937Z] Node Version:  v10.16.0
[debug] [2019-11-04T10:34:44.938Z] Time:          Mon Nov 04 2019 16:04:44 GMT+0530 (India Standard Time)
[debug] [2019-11-04T10:34:44.938Z] ----------------------------------------------------------------------
[debug] [2019-11-04T10:34:44.938Z] 
[debug] [2019-11-04T10:34:44.952Z] > command requires scopes: ["email","openid","https://www.googleapis.com/auth/cloudplatformprojects.readonly","https://www.googleapis.com/auth/firebase","https://www.googleapis.com/auth/cloud-platform"]
[debug] [2019-11-04T10:34:44.953Z] > authorizing via signed-in user
[debug] [2019-11-04T10:34:44.953Z] [iam] checking project interview-user for permissions ["firebase.projects.get","firebasehosting.sites.update"]
[debug] [2019-11-04T10:34:44.956Z] >>> HTTP REQUEST POST https://cloudresourcemanager.googleapis.com/v1/projects/interview-user:testIamPermissions  

[debug] [2019-11-04T10:34:46.686Z] <<< HTTP RESPONSE 200
[debug] [2019-11-04T10:34:46.694Z] >>> HTTP REQUEST GET https://firebase.googleapis.com/v1beta1/projects/interview-user  
 
[debug] [2019-11-04T10:34:49.064Z] <<< HTTP RESPONSE 200
[info] 
[info] === Deploying to 'interview-user'...
[info] 
[info] i  deploying hosting
[debug] [2019-11-04T10:34:49.081Z] >>> HTTP REQUEST POST https://firebasehosting.googleapis.com/v1beta1/sites/interview-user/versions  

[debug] [2019-11-04T10:34:51.290Z] <<< HTTP RESPONSE 200
[info] i  hosting[interview-user]: beginning deploy...
[info] i  hosting[interview-user]: found 2 files in hosting setup
[debug] [2019-11-04T10:34:51.324Z] [hosting] hash cache [aG9zdGluZyBzZXR1cA] not populated
[debug] [2019-11-04T10:34:51.346Z] [hosting] hash cache [aG9zdGluZyBzZXR1cA] stored for 2 files
[debug] [2019-11-04T10:34:51.347Z] [hosting][hash queue][FINAL]
[debug] [2019-11-04T10:34:51.347Z] >>> HTTP REQUEST POST https://firebasehosting.googleapis.com/v1beta1/sites/interview-user/versions/fadf2a1615dd2d13:populateFiles  
 <request body omitted>
